<?xml version="1.0" encoding="utf-8"?><testsuites><testsuite name="pytest" errors="0" failures="0" skipped="0" tests="2" time="0.233" timestamp="2026-09-02T11:22:16.993607" hostname="keisuke-kawanishi-ThinkPad-P15-Gen-2i"><testcase classname="zed_heading_publisher.test.test_heading_calibration" name="test_axis_aligned_soft_iron_estimate_equalizes_variance" time="0.001" /><testcase classname="zed_heading_publisher.test.test_heading_calibration" name="test_calculate_heading_applies_soft_iron_matrix_before_heading" time="0.000" /></testsuite></testsuites>